0 info it worked if it ends with ok
1 verbose cli [ '/usr/local/Cellar/node/5.3.0/bin/node',
1 verbose cli   '/usr/local/bin/npm',
1 verbose cli   'run',
1 verbose cli   'test',
1 verbose cli   '--watch' ]
2 info using npm@3.3.12
3 info using node@v5.4.1
4 verbose run-script [ 'pretest', 'test', 'posttest' ]
5 info lifecycle refugee-app@0.0.1~pretest: refugee-app@0.0.1
6 silly lifecycle refugee-app@0.0.1~pretest: no script for pretest, continuing
7 info lifecycle refugee-app@0.0.1~test: refugee-app@0.0.1
8 verbose lifecycle refugee-app@0.0.1~test: unsafe-perm in lifecycle true
9 verbose lifecycle refugee-app@0.0.1~test: PATH: /usr/local/lib/node_modules/npm/bin/node-gyp-bin:/Users/alally/Desktop/hubspot/node_modules/.bin:/usr/local/bin:/usr/local/bin:/usr/local/sbin:~/bin:/usr/local/bin:/usr/bin:/bin:/usr/sbin:/sbin
10 verbose lifecycle refugee-app@0.0.1~test: CWD: /Users/alally/Desktop/hubspot
11 silly lifecycle refugee-app@0.0.1~test: Args: [ '-c', 'mocha --require babel-core/register' ]
12 silly lifecycle refugee-app@0.0.1~test: Returned: code: 1  signal: null
13 info lifecycle refugee-app@0.0.1~test: Failed to exec test script
14 verbose stack Error: refugee-app@0.0.1 test: `mocha --require babel-core/register`
14 verbose stack Exit status 1
14 verbose stack     at EventEmitter.<anonymous> (/usr/local/lib/node_modules/npm/lib/utils/lifecycle.js:232:16)
14 verbose stack     at emitTwo (events.js:87:13)
14 verbose stack     at EventEmitter.emit (events.js:172:7)
14 verbose stack     at ChildProcess.<anonymous> (/usr/local/lib/node_modules/npm/lib/utils/spawn.js:24:14)
14 verbose stack     at emitTwo (events.js:87:13)
14 verbose stack     at ChildProcess.emit (events.js:172:7)
14 verbose stack     at maybeClose (internal/child_process.js:821:16)
14 verbose stack     at Process.ChildProcess._handle.onexit (internal/child_process.js:211:5)
15 verbose pkgid refugee-app@0.0.1
16 verbose cwd /Users/alally/Desktop/hubspot
17 error Darwin 14.5.0
18 error argv "/usr/local/Cellar/node/5.3.0/bin/node" "/usr/local/bin/npm" "run" "test" "--watch"
19 error node v5.4.1
20 error npm  v3.3.12
21 error code ELIFECYCLE
22 error refugee-app@0.0.1 test: `mocha --require babel-core/register`
22 error Exit status 1
23 error Failed at the refugee-app@0.0.1 test script 'mocha --require babel-core/register'.
23 error Make sure you have the latest version of node.js and npm installed.
23 error If you do, this is most likely a problem with the refugee-app package,
23 error not with npm itself.
23 error Tell the author that this fails on your system:
23 error     mocha --require babel-core/register
23 error You can get their info via:
23 error     npm owner ls refugee-app
23 error There is likely additional logging output above.
24 verbose exit [ 1, true ]
